  GameLayer.cpp
D:\career\graphic\workspace\Ant\Sandbox\src\FlappyBirdTest\Player.h(25,70): warning C4244: “return”: 从“float”转换到“uint32_t”，可能丢失数据
D:\career\graphic\workspace\Ant\Ant\vendor\imgui\imgui.h(74,1): warning C4005: “IMGUI_VERSION”: 宏重定义
D:\career\graphic\workspace\Ant\Ant\vendor\imgui\imgui.h(25): message : 参见“IMGUI_VERSION”的前一个定义
D:\career\graphic\workspace\Ant\Ant\vendor\imgui\imgui.h(75,1): warning C4005: “IMGUI_VERSION_NUM”: 宏重定义
D:\career\graphic\workspace\Ant\Ant\vendor\imgui\imgui.h(26): message : 参见“IMGUI_VERSION_NUM”的前一个定义
  Level.cpp
D:\career\graphic\workspace\Ant\Sandbox\src\FlappyBirdTest\Player.h(25,70): warning C4244: “return”: 从“float”转换到“uint32_t”，可能丢失数据
  ParticleSystem.cpp
  Player.cpp
D:\career\graphic\workspace\Ant\Sandbox\src\FlappyBirdTest\Player.h(25,70): warning C4244: “return”: 从“float”转换到“uint32_t”，可能丢失数据
D:\career\graphic\workspace\Ant\Ant\vendor\imgui\imgui.h(74,1): warning C4005: “IMGUI_VERSION”: 宏重定义
D:\career\graphic\workspace\Ant\Ant\vendor\imgui\imgui.h(25): message : 参见“IMGUI_VERSION”的前一个定义
D:\career\graphic\workspace\Ant\Ant\vendor\imgui\imgui.h(75,1): warning C4005: “IMGUI_VERSION_NUM”: 宏重定义
D:\career\graphic\workspace\Ant\Ant\vendor\imgui\imgui.h(26): message : 参见“IMGUI_VERSION_NUM”的前一个定义
  Random.cpp
  Sandbox2D.cpp
D:\career\graphic\workspace\Ant\Ant\vendor\imgui\imgui.h(74,1): warning C4005: “IMGUI_VERSION”: 宏重定义
D:\career\graphic\workspace\Ant\Ant\vendor\imgui\imgui.h(25): message : 参见“IMGUI_VERSION”的前一个定义
D:\career\graphic\workspace\Ant\Ant\vendor\imgui\imgui.h(75,1): warning C4005: “IMGUI_VERSION_NUM”: 宏重定义
D:\career\graphic\workspace\Ant\Ant\vendor\imgui\imgui.h(26): message : 参见“IMGUI_VERSION_NUM”的前一个定义
  SandboxApp.cpp
D:\career\graphic\workspace\Ant\Sandbox\src\FlappyBirdTest\Player.h(25,70): warning C4244: “return”: 从“float”转换到“uint32_t”，可能丢失数据
D:\career\graphic\workspace\Ant\Ant\vendor\imgui\imgui.h(74,1): warning C4005: “IMGUI_VERSION”: 宏重定义
D:\career\graphic\workspace\Ant\Ant\vendor\imgui\imgui.h(25): message : 参见“IMGUI_VERSION”的前一个定义
D:\career\graphic\workspace\Ant\Ant\vendor\imgui\imgui.h(75,1): warning C4005: “IMGUI_VERSION_NUM”: 宏重定义
D:\career\graphic\workspace\Ant\Ant\vendor\imgui\imgui.h(26): message : 参见“IMGUI_VERSION_NUM”的前一个定义
D:\career\graphic\workspace\Ant\Sandbox\src\SandboxApp.cpp(39,1): warning C4267: “参数”: 从“size_t”转换到“uint32_t”，可能丢失数据
D:\career\graphic\workspace\Ant\Sandbox\src\SandboxApp.cpp(97,1): warning C4267: “参数”: 从“size_t”转换到“uint32_t”，可能丢失数据
  正在生成代码...
  Sandbox.vcxproj -> D:\career\graphic\workspace\Ant\bin\Debug-windows-x86_64\Sandbox\Sandbox.exe
