d:\career\graphic\workspace\ant\bin-int\debug-windows-x86_64\sandbox\vc142.pdb
d:\career\graphic\workspace\ant\bin-int\debug-windows-x86_64\sandbox\vc142.idb
d:\career\graphic\workspace\ant\bin-int\debug-windows-x86_64\sandbox\sandboxapp.obj
d:\career\graphic\workspace\ant\bin-int\debug-windows-x86_64\sandbox\sandbox2d.obj
d:\career\graphic\workspace\ant\bin-int\debug-windows-x86_64\sandbox\random.obj
d:\career\graphic\workspace\ant\bin-int\debug-windows-x86_64\sandbox\player.obj
d:\career\graphic\workspace\ant\bin-int\debug-windows-x86_64\sandbox\particlesystem.obj
d:\career\graphic\workspace\ant\bin-int\debug-windows-x86_64\sandbox\level.obj
d:\career\graphic\workspace\ant\bin-int\debug-windows-x86_64\sandbox\gamelayer.obj
d:\career\graphic\workspace\ant\bin-int\debug-windows-x86_64\sandbox\sandbox.ilk
d:\career\graphic\workspace\ant\bin\debug-windows-x86_64\sandbox\sandbox.exe
d:\career\graphic\workspace\ant\bin\debug-windows-x86_64\sandbox\sandbox.pdb
d:\career\graphic\workspace\ant\bin-int\debug-windows-x86_64\sandbox\sandbox.tlog\cl.command.1.tlog
d:\career\graphic\workspace\ant\bin-int\debug-windows-x86_64\sandbox\sandbox.tlog\cl.read.1.tlog
d:\career\graphic\workspace\ant\bin-int\debug-windows-x86_64\sandbox\sandbox.tlog\cl.write.1.tlog
d:\career\graphic\workspace\ant\bin-int\debug-windows-x86_64\sandbox\sandbox.tlog\link-cvtres.read.1.tlog
d:\career\graphic\workspace\ant\bin-int\debug-windows-x86_64\sandbox\sandbox.tlog\link-cvtres.write.1.tlog
d:\career\graphic\workspace\ant\bin-int\debug-windows-x86_64\sandbox\sandbox.tlog\link-rc.read.1.tlog
d:\career\graphic\workspace\ant\bin-int\debug-windows-x86_64\sandbox\sandbox.tlog\link-rc.write.1.tlog
d:\career\graphic\workspace\ant\bin-int\debug-windows-x86_64\sandbox\sandbox.tlog\link.22648-cvtres.read.1.tlog
d:\career\graphic\workspace\ant\bin-int\debug-windows-x86_64\sandbox\sandbox.tlog\link.22648-cvtres.write.1.tlog
d:\career\graphic\workspace\ant\bin-int\debug-windows-x86_64\sandbox\sandbox.tlog\link.22648-rc.read.1.tlog
d:\career\graphic\workspace\ant\bin-int\debug-windows-x86_64\sandbox\sandbox.tlog\link.22648-rc.write.1.tlog
d:\career\graphic\workspace\ant\bin-int\debug-windows-x86_64\sandbox\sandbox.tlog\link.22648.read.1.tlog
d:\career\graphic\workspace\ant\bin-int\debug-windows-x86_64\sandbox\sandbox.tlog\link.22648.write.1.tlog
d:\career\graphic\workspace\ant\bin-int\debug-windows-x86_64\sandbox\sandbox.tlog\link.command.1.tlog
d:\career\graphic\workspace\ant\bin-int\debug-windows-x86_64\sandbox\sandbox.tlog\link.read.1.tlog
d:\career\graphic\workspace\ant\bin-int\debug-windows-x86_64\sandbox\sandbox.tlog\link.write.1.tlog
