d:\career\graphic\workspace\ant\bin-int\debug-windows-x86_64\ant\ant.pch
d:\career\graphic\workspace\ant\bin\debug-windows-x86_64\ant\ant.pdb
d:\career\graphic\workspace\ant\bin\debug-windows-x86_64\ant\ant.idb
d:\career\graphic\workspace\ant\bin-int\debug-windows-x86_64\ant\antpch.obj
d:\career\graphic\workspace\ant\bin-int\debug-windows-x86_64\ant\openglcontext.obj
d:\career\graphic\workspace\ant\bin-int\debug-windows-x86_64\ant\openglbuffer.obj
d:\career\graphic\workspace\ant\bin-int\debug-windows-x86_64\ant\vertexarray.obj
d:\career\graphic\workspace\ant\bin-int\debug-windows-x86_64\ant\texture.obj
d:\career\graphic\workspace\ant\bin-int\debug-windows-x86_64\ant\shader.obj
d:\career\graphic\workspace\ant\bin-int\debug-windows-x86_64\ant\renderercommand.obj
d:\career\graphic\workspace\ant\bin-int\debug-windows-x86_64\ant\rendererapi.obj
d:\career\graphic\workspace\ant\bin-int\debug-windows-x86_64\ant\renderer2d.obj
d:\career\graphic\workspace\ant\bin-int\debug-windows-x86_64\ant\renderer.obj
d:\career\graphic\workspace\ant\bin-int\debug-windows-x86_64\ant\orthographiccameracontroller.obj
d:\career\graphic\workspace\ant\bin-int\debug-windows-x86_64\ant\orthographiccamera.obj
d:\career\graphic\workspace\ant\bin-int\debug-windows-x86_64\ant\graphiccontext.obj
d:\career\graphic\workspace\ant\bin-int\debug-windows-x86_64\ant\buffer.obj
d:\career\graphic\workspace\ant\bin-int\debug-windows-x86_64\ant\imguilayer.obj
d:\career\graphic\workspace\ant\bin-int\debug-windows-x86_64\ant\imguibuild.obj
d:\career\graphic\workspace\ant\bin-int\debug-windows-x86_64\ant\window.obj
d:\career\graphic\workspace\ant\bin-int\debug-windows-x86_64\ant\log.obj
d:\career\graphic\workspace\ant\bin-int\debug-windows-x86_64\ant\layerstack.obj
d:\career\graphic\workspace\ant\bin-int\debug-windows-x86_64\ant\layer.obj
d:\career\graphic\workspace\ant\bin-int\debug-windows-x86_64\ant\application.obj
d:\career\graphic\workspace\ant\bin-int\debug-windows-x86_64\ant\stb_image.obj
d:\career\graphic\workspace\ant\bin-int\debug-windows-x86_64\ant\windowswindow.obj
d:\career\graphic\workspace\ant\bin-int\debug-windows-x86_64\ant\windowsinput.obj
d:\career\graphic\workspace\ant\bin-int\debug-windows-x86_64\ant\openglvertexarray.obj
d:\career\graphic\workspace\ant\bin-int\debug-windows-x86_64\ant\opengltexture.obj
d:\career\graphic\workspace\ant\bin-int\debug-windows-x86_64\ant\openglshader.obj
d:\career\graphic\workspace\ant\bin-int\debug-windows-x86_64\ant\openglrendererapi.obj
d:\career\graphic\workspace\ant\bin-int\debug-windows-x86_64\ant\rendercommand.obj
d:\career\graphic\workspace\ant\bin\debug-windows-x86_64\ant\ant.lib
d:\career\graphic\workspace\ant\bin-int\debug-windows-x86_64\ant\ant.tlog\cl.command.1.tlog
d:\career\graphic\workspace\ant\bin-int\debug-windows-x86_64\ant\ant.tlog\cl.read.1.tlog
d:\career\graphic\workspace\ant\bin-int\debug-windows-x86_64\ant\ant.tlog\cl.write.1.tlog
d:\career\graphic\workspace\ant\bin-int\debug-windows-x86_64\ant\ant.tlog\lib-link.read.1.tlog
d:\career\graphic\workspace\ant\bin-int\debug-windows-x86_64\ant\ant.tlog\lib-link.write.1.tlog
d:\career\graphic\workspace\ant\bin-int\debug-windows-x86_64\ant\ant.tlog\lib.command.1.tlog
