  antpch.cpp
  Application.cpp
  Layer.cpp
  LayerStack.cpp
  Log.cpp
  Window.cpp
  ImGuiBuild.cpp
D:\career\graphic\workspace\Ant\Ant\vendor\imgui\imgui.h(74,1): warning C4005: “IMGUI_VERSION”: 宏重定义
D:\career\graphic\workspace\Ant\Ant\vendor\imgui\imgui.h(25): message : 参见“IMGUI_VERSION”的前一个定义
D:\career\graphic\workspace\Ant\Ant\vendor\imgui\imgui.h(75,1): warning C4005: “IMGUI_VERSION_NUM”: 宏重定义
D:\career\graphic\workspace\Ant\Ant\vendor\imgui\imgui.h(26): message : 参见“IMGUI_VERSION_NUM”的前一个定义
D:\career\graphic\workspace\Ant\Ant\vendor\imgui\backends\imgui_impl_opengl3.cpp(284,9): warning C4996: 'sscanf': This function or variable may be unsafe. Consider using sscanf_s instead. To disable deprecation, use _CRT_SECURE_NO_WARNINGS. See online help for details.
D:\career\graphic\workspace\Ant\Ant\vendor\imgui\backends\imgui_impl_opengl3.cpp(326,5): warning C4996: 'strcpy': This function or variable may be unsafe. Consider using strcpy_s instead. To disable deprecation, use _CRT_SECURE_NO_WARNINGS. See online help for details.
D:\career\graphic\workspace\Ant\Ant\vendor\imgui\backends\imgui_impl_opengl3.cpp(327,5): warning C4996: 'strcat': This function or variable may be unsafe. Consider using strcat_s instead. To disable deprecation, use _CRT_SECURE_NO_WARNINGS. See online help for details.
D:\career\graphic\workspace\Ant\Ant\vendor\imgui\backends\imgui_impl_opengl3.cpp(723,5): warning C4996: 'sscanf': This function or variable may be unsafe. Consider using sscanf_s instead. To disable deprecation, use _CRT_SECURE_NO_WARNINGS. See online help for details.
  ImGuiLayer.cpp
D:\career\graphic\workspace\Ant\Ant\vendor\imgui\imgui.h(74,1): warning C4005: “IMGUI_VERSION”: 宏重定义
D:\career\graphic\workspace\Ant\Ant\vendor\imgui\imgui.h(25): message : 参见“IMGUI_VERSION”的前一个定义
D:\career\graphic\workspace\Ant\Ant\vendor\imgui\imgui.h(75,1): warning C4005: “IMGUI_VERSION_NUM”: 宏重定义
D:\career\graphic\workspace\Ant\Ant\vendor\imgui\imgui.h(26): message : 参见“IMGUI_VERSION_NUM”的前一个定义
  Buffer.cpp
  GraphicContext.cpp
  OrthographicCamera.cpp
  OrthographicCameraController.cpp
  RenderCommand.cpp
  Renderer.cpp
  Renderer2D.cpp
D:\career\graphic\workspace\Ant\Ant\src\Ant\Renderer\Renderer2D.cpp(45,67): warning C4267: “参数”: 从“size_t”转换到“uint32_t”，可能丢失数据
  RendererAPI.cpp
  RendererCommand.cpp
  Shader.cpp
  Texture.cpp
  VertexArray.cpp
  OpenGLBuffer.cpp
  正在生成代码...
  正在编译...
  OpenGLContext.cpp
  OpenGLRendererAPI.cpp
  OpenGLShader.cpp
  OpenGLTexture.cpp
D:\career\graphic\workspace\Ant\Ant\src\Platform\OpenGL\OpenGLTexture.cpp(40,3): warning C4002: 类函数宏的调用“assert”参数过多
D:\career\graphic\workspace\Ant\Ant\src\Platform\OpenGL\OpenGLTexture.cpp(91,3): warning C4002: 类函数宏的调用“assert”参数过多
  OpenGLVertexArray.cpp
D:\career\graphic\workspace\Ant\Ant\src\Platform\OpenGL\OpenGLVertexArray.cpp(85,34): warning C4312: “类型强制转换”: 从“const uint32_t”转换到更大的“const void *”
D:\career\graphic\workspace\Ant\Ant\src\Platform\OpenGL\OpenGLVertexArray.cpp(100,34): warning C4312: “类型强制转换”: 从“const uint32_t”转换到更大的“const void *”
  WindowsInput.cpp
  WindowsWindow.cpp
  stb_image.cpp
  正在生成代码...
  Ant.vcxproj -> D:\career\graphic\workspace\Ant\bin\Debug-windows-x86_64\Ant\Ant.lib
